<?xml version="1.0" encoding="UTF-8"?>
<testng-results ignored="0" total="1" passed="1" failed="0" skipped="0">
  <reporter-output>
  </reporter-output>
  <suite started-at="2024-06-09T22:47:59 IST" name="Default suite" finished-at="2024-06-09T22:48:18 IST" duration-ms="19335">
    <groups>
    </groups>
    <test started-at="2024-06-09T22:47:59 IST" name="Default test" finished-at="2024-06-09T22:48:18 IST" duration-ms="19335">
      <class name="TestLayer.Bookmyshowtest">
        <test-method is-config="true" signature="setup()[pri:0, instance:TestLayer.Bookmyshowtest@66d3eec0]" started-at="2024-06-09T22:47:59 IST" name="setup" finished-at="2024-06-09T22:48:02 IST" duration-ms="3515" status="PASS">
          <reporter-output>
          </reporter-output>
        </test-method> <!-- setup -->
        <test-method signature="getstarted()[pri:1, instance:TestLayer.Bookmyshowtest@66d3eec0]" started-at="2024-06-09T22:48:02 IST" name="getstarted" finished-at="2024-06-09T22:48:18 IST" duration-ms="15800" status="PASS">
          <reporter-output>
          </reporter-output>
        </test-method> <!-- getstarted -->
      </class> <!-- TestLayer.Bookmyshowtest -->
    </test> <!-- Default test -->
  </suite> <!-- Default suite -->
</testng-results>
